<?xml version="1.0" encoding="UTF-8"?>
<!-- Generated by org.testng.reporters.JUnitXMLReporter -->
<testsuite ignored="4" hostname="DESKTOP-2GP96BE" failures="1" tests="6" name="Default test(failed)" time="0.149" errors="0" timestamp="2023-12-19T14:11:56 IST">
  <testcase classname="group.BrowserBasedGroupTest" name="launchChrome" time="0.078">
    <failure type="org.openqa.selenium.remote.NoSuchDriverException" message="chromedriver located at drivers/windows/chromedriver.exe, but invalid
For documentation on this error, please visit: https://www.selenium.dev/documentation/webdriver/troubleshooting/errors/driver_location/
Build info: version: &amp;apos;4.16.1&amp;apos;, revision: &amp;apos;9b4c83354e&amp;apos;
System info: os.name: &amp;apos;Windows 10&amp;apos;, os.arch: &amp;apos;amd64&amp;apos;, os.version: &amp;apos;10.0&amp;apos;, java.version: &amp;apos;17.0.9&amp;apos;
Driver info: driver.version: ChromeDriver">
      <![CDATA[org.openqa.selenium.remote.NoSuchDriverException: chromedriver located at drivers/windows/chromedriver.exe, but invalid
For documentation on this error, please visit: https://www.selenium.dev/documentation/webdriver/troubleshooting/errors/driver_location/
Build info: version: '4.16.1', revision: '9b4c83354e'
System info: os.name: 'Windows 10', os.arch: 'amd64', os.version: '10.0', java.version: '17.0.9'
Driver info: driver.version: ChromeDriver
at org.openqa.selenium.remote.service.DriverFinder.getPath(DriverFinder.java:45)
at org.openqa.selenium.remote.service.DriverFinder.getPath(DriverFinder.java:13)
at org.openqa.selenium.chrome.ChromeDriver.generateExecutor(ChromeDriver.java:100)
at org.openqa.selenium.chrome.ChromeDriver.<init>(ChromeDriver.java:89)
at org.openqa.selenium.chrome.ChromeDriver.<init>(ChromeDriver.java:84)
at org.openqa.selenium.chrome.ChromeDriver.<init>(ChromeDriver.java:52)
at group.BrowserBasedGroupTest.launchChrome(BrowserBasedGroupTest.java:40)
at java.base/java.util.ArrayList.forEach(ArrayList.java:1511)
... Removed 27 stack frames]]>
    </failure>
  </testcase> <!-- launchChrome -->
  <testcase classname="group.BrowserBasedGroupTest" name="testHomePageTitle" time="0.0">
    <skipped/>
  </testcase> <!-- testHomePageTitle -->
  <testcase classname="group.BrowserBasedGroupTest" name="testHomePageSourceUrl" time="0.0">
    <skipped/>
  </testcase> <!-- testHomePageSourceUrl -->
  <testcase classname="group.BrowserBasedGroupTest" name="testAmazonHomePageTitle2" time="0.001">
    <skipped/>
  </testcase> <!-- testAmazonHomePageTitle2 -->
  <testcase classname="group.BrowserBasedGroupTest" name="testSearch1" time="0.0">
    <skipped/>
  </testcase> <!-- testSearch1 -->
  <testcase classname="group.BrowserBasedGroupTest" name="closeChrome" time="0.0">
    <skipped/>
  </testcase> <!-- closeChrome -->
  <testcase classname="group.BrowserBasedGroupTest" name="closeFireFox" time="0.0">
    <ignored/>
  </testcase> <!-- closeFireFox -->
  <testcase classname="group.BrowserBasedGroupTest" name="launchFireFoxTest" time="0.0">
    <ignored/>
  </testcase> <!-- launchFireFoxTest -->
  <testcase classname="group.BrowserBasedGroupTest" name="testFailureLogin" time="0.0">
    <ignored/>
  </testcase> <!-- testFailureLogin -->
  <testcase classname="group.BrowserBasedGroupTest" name="testFaceBookHomePage" time="0.0">
    <ignored/>
  </testcase> <!-- testFaceBookHomePage -->
</testsuite> <!-- Default test(failed) -->
